<?xml version="1.0" encoding="UTF-8"?>
<!-- Generated by org.testng.reporters.JUnitReportReporter -->
<testsuite skipped="1" hostname="rupeshkumar02" name="com.uhg.vijay.DashboardAndReportingDemo.extentReportDemo.CucumberRunner" tests="1" failures="0" timestamp="2020-10-28T21:12:32 IST" time="0.113" errors="0">
  <testcase name="runScenario" time="0.113" classname="com.uhg.vijay.DashboardAndReportingDemo.extentReportDemo.CucumberRunner">
    <skipped/>
  </testcase> <!-- runScenario -->
  <system-out/>
</testsuite> <!-- com.uhg.vijay.DashboardAndReportingDemo.extentReportDemo.CucumberRunner -->
