<?xml version="1.0" encoding="UTF-8"?>
<!-- Generated by org.testng.reporters.JUnitReportReporter -->
<testsuite skipped="0" hostname="rupeshkumar02" name="com.uhg.vijay.DashboardAndReportingDemo.extentReportDemo.BaseTest" tests="1" failures="0" timestamp="2020-10-28T21:22:01 IST" time="0.249" errors="0">
  <testcase name="myFirstTest" time="0.249" classname="com.uhg.vijay.DashboardAndReportingDemo.extentReportDemo.BaseTest"/>
  <system-out/>
</testsuite> <!-- com.uhg.vijay.DashboardAndReportingDemo.extentReportDemo.BaseTest -->
